<?xml version="1.0" encoding="UTF-8"?>
<testsuite name="br.com.dio.desafioreactor.Question3Test" tests="2" skipped="0" failures="0" errors="0" timestamp="2024-05-04T23:30:34" hostname="MacBook-Air-de-Hygor.local" time="0.041">
  <properties/>
  <testcase name="validUser()" classname="br.com.dio.desafioreactor.Question3Test" time="0.024"/>
  <testcase name="invalidUser()" classname="br.com.dio.desafioreactor.Question3Test" time="0.016"/>
  <system-out><![CDATA[]]></system-out>
  <system-err><![CDATA[]]></system-err>
</testsuite>
